TN:
SF:controllers\commandes\afficher.js
FN:3,(anonymous_0)
FNF:1
FNH:1
FNDA:4,(anonymous_0)
DA:1,1
DA:3,1
DA:4,4
DA:5,4
DA:6,4
DA:8,1
DA:13,3
DA:20,1
LF:8
LH:8
BRF:0
BRH:0
end_of_record
TN:
SF:controllers\commandes\afficherAll.js
FN:3,(anonymous_0)
FNF:1
FNH:1
FNDA:2,(anonymous_0)
DA:1,1
DA:3,1
DA:5,2
DA:6,2
DA:8,1
DA:14,1
DA:15,1
DA:22,1
LF:8
LH:8
BRF:0
BRH:0
end_of_record
TN:
SF:controllers\commandes\afficherparclient.js
FN:3,(anonymous_0)
FNF:1
FNH:1
FNDA:4,(anonymous_0)
DA:1,1
DA:3,1
DA:4,4
DA:5,4
DA:6,4
DA:8,2
DA:9,1
DA:15,1
DA:20,2
DA:27,1
LF:10
LH:10
BRDA:8,0,0,1
BRDA:8,0,1,1
BRDA:20,1,0,1
BRDA:20,1,1,1
BRF:4
BRH:4
end_of_record
TN:
SF:controllers\commandes\ajouter.js
FN:4,(anonymous_0)
FNF:1
FNH:1
FNDA:3,(anonymous_0)
DA:1,1
DA:2,1
DA:4,1
DA:5,3
DA:6,3
DA:8,3
DA:10,2
DA:12,1
DA:14,1
DA:19,2
DA:26,1
LF:11
LH:11
BRF:0
BRH:0
end_of_record
TN:
SF:controllers\commandes\modifier.js
FN:4,(anonymous_0)
FNF:1
FNH:1
FNDA:5,(anonymous_0)
DA:1,1
DA:2,1
DA:4,1
DA:5,5
DA:6,5
DA:7,5
DA:9,5
DA:11,4
DA:13,3
DA:14,1
DA:20,2
DA:22,2
DA:23,1
DA:30,2
DA:36,2
DA:43,1
LF:16
LH:16
BRDA:13,0,0,1
BRDA:13,0,1,2
BRDA:22,1,0,1
BRDA:22,1,1,1
BRDA:22,2,0,2
BRDA:22,2,1,2
BRF:6
BRH:6
end_of_record
TN:
SF:controllers\commandes\supprimer.js
FN:4,(anonymous_0)
FNF:1
FNH:1
FNDA:4,(anonymous_0)
DA:1,1
DA:2,1
DA:4,1
DA:5,4
DA:6,4
DA:7,4
DA:9,1
DA:11,1
DA:16,3
DA:23,1
LF:10
LH:10
BRDA:16,0,0,1
BRDA:16,0,1,2
BRF:2
BRH:2
end_of_record
